Ich mag Äpfel .
Sie fährt ein Auto .
Die Sonne ist hell .
Er liest ein Buch .
Sie wohnen in einem Haus .
Ich höre abends gerne Musik .
Die Kinder spielten nach der Schule im Park Fußball .
Sie liest einen faszinierenden Roman über antike Zivilisationen .
Er studiert Mathematik, um das Universum besser zu verstehen .
Die Familie plant diesen Sommer einen Urlaub in den Bergen .
Meine beste Freundin liebt es, italienische Gerichte für ihre Familie zu kochen .
Wir sind letztes Wochenende ins Museum gegangen, um die neue Kunstausstellung zu sehen .
Das Wetter ist kalt und verschneit, ideal, um einen Schneemann zu bauen .
Unsere Nachbarn haben uns zu ihrer Grillparty am nächsten Samstag eingeladen .
Sie singt wunderschön und träumt davon, eine berühmte Sängerin zu werden .
Die Stadt ist bekannt für ihre historischen Gebäude und ihr pulsierendes Nachtleben .
Ich habe den Nachmittag damit verbracht, ein Buch unter einem Baum im Park zu lesen .
Er liebt es, Rätsel zu lösen und Brettspiele mit seinen Freunden zu spielen .
Die Schüler arbeiten an einem Gruppenprojekt für ihren Naturwissenschaftsunterricht .
Wir haben gestern frisches Obst und Gemüse auf dem Bauernmarkt gekauft .
Das Flugzeug flog über die Berge und bot eine atemberaubende Aussicht .
Sie bereiten sich auf eine große Feier zu ihrem Jubiläum vor .
Der Film war so interessant, dass alle bis zum Ende blieben .
Sie strickt einen Schal für ihre Großmutter als Weihnachtsgeschenk .
Der Hund bellte laut, als er ein Eichhörnchen im Hinterhof sah .
Der Koch experimentiert mit neuen Rezepten, um sie in die Speisekarte aufzunehmen .
Die Zugfahrt war lang, aber voller schöner Landschaften .
Er verbringt seine Wochenenden damit, in einem nahegelegenen Tierheim zu helfen .
Der Lehrer erklärte das komplexe Konzept mit einfachen Beispielen .
Ich wandere gerne im Wald und entdecke neue Wege zum Erkunden .
Das Orchester spielte eine beeindruckende Symphonie, die mit Standing Ovations bedacht wurde .
Sie lernt, wie man Landschaften mit Ölfarben und Pinseln malt .
Der Buchladen an der Ecke hat eine großartige Sammlung seltener Bücher .
Er reparierte den kaputten Stuhl mit etwas Kleber und ein paar Schrauben .
Die Bäckerei die Straße runter verkauft die besten Croissants der Stadt .
Die Kinder lachten und spielten in der Nähe des Brunnens auf dem Platz .
Wir haben das Schloss besucht und etwas über seine faszinierende Geschichte erfahren .
Der Professor hielt heute einen aufschlussreichen Vortrag über den Klimawandel .
Sie verbringt ihre Abende gerne damit, Dokumentationen über die Tierwelt anzusehen .
Das Auto hielt plötzlich an, als ein Reh auf der Straße erschien .
Die Bibliothek ist ein ruhiger Ort, an dem Studenten sich auf ihr Studium konzentrieren können .
Der Kuchen war so lecker, dass jeder ein zweites Stück verlangte .
Wir organisieren eine Wohltätigkeitsveranstaltung, um Geld für das örtliche Krankenhaus zu sammeln .
Er träumt davon, in verschiedene Länder zu reisen und neue Sprachen zu lernen .
Der Garten ist voller bunter Blumen, die im Frühling blühen .
Sie läuft jeden Morgen gerne, um gesund und aktiv zu bleiben .
Die Feuerwerke erleuchteten den Himmel während der Silvesterfeier .
Der Künstler schuf ein Meisterwerk, das von allen in der Galerie bewundert wurde .
Wir haben den Nachmittag damit verbracht, ein Baumhaus im Hinterhof zu bauen .
Der Sturm verursachte Schäden an vielen Häusern und unterbrach die Stromversorgung in der Gegend .
Er hört gerne klassische Musik, während er an seinen Projekten arbeitet .
Der alte Mann erzählte uns faszinierende Geschichten über seine Reisen um die Welt .
Sie begann, Klavier zu spielen, als sie erst fünf Jahre alt war .
Sie besuchten den Zoo, um die neuen Tierausstellungen zu sehen .
Die Kinder sind aufgeregt wegen des bevorstehenden Schulausflugs .
Ich koche gerne neue Rezepte und experimentiere mit verschiedenen Zutaten .
Er plant, ein neues Restaurant im Stadtzentrum zu eröffnen .
Sie sah den Sonnenuntergang vom Balkon aus, während sie eine Tasse Tee trank .
Das Team arbeitete hart, um das Projekt rechtzeitig abzuschließen .
Sie beschlossen, einen Welpen aus dem Tierheim zu adoptieren .
Der Wissenschaftler führte ein Experiment durch, um die Hypothese zu testen .
Ich mache gerne lange Spaziergänge am Strand, wenn das Wetter warm ist .
Sie trug ein wunderschönes Kleid zur Hochzeitszeremonie .
Wir planen eine Überraschungsparty für seinen Geburtstag nächsten Monat .
Das Museum hat eine beeindruckende Sammlung antiker Artefakte .
Er lernte, Gitarre zu spielen, indem er Online-Tutorials ansah .
Der Bergweg war herausfordernd, aber die Aussicht vom Gipfel war es wert .
Die Kinder halfen ihren Eltern, das Haus für Weihnachten zu dekorieren .
Ich traf einen Freund auf einen Kaffee im örtlichen Café heute Morgen .
Wir planen diesen Sommer eine Reise quer durchs Land .
Sie schrieb einen Brief an ihre Großmutter und erzählte ihr von ihrem neuen Job .
Das Unternehmen bringt nächste Woche eine neue Produktlinie auf den Markt .
Er genießt das Gärtnern und baut sein eigenes Gemüse im Hinterhof an .
Der Lehrer gab eine detaillierte Erklärung der neuen Lektion .
Das Restaurant ist berühmt für seine leckeren Meeresfrüchtegerichte .
Sie reisten letztes Jahr nach Italien und besuchten mehrere historische Städte .
Die Kinder bastelten handgemachte Karten für ihre Eltern zum Muttertag .
Sie liest gerne Kriminalromane, bevor sie ins Bett geht .
Der Trainer hielt eine inspirierende Rede vor dem letzten Spiel .
Wir verbrachten den Tag damit, die Stadt zu erkunden und verschiedene Gerichte zu probieren .
Er verbrachte Jahre damit, das Verhalten von Wildtieren im Dschungel zu studieren .
Sie beschlossen, am Wochenende im Wald zu campen .
Die Sängerin sang ein wunderschönes Lied, das das Publikum zu Tränen rührte .
Wir machen eine Pause von der Arbeit, um einen kurzen Urlaub zu machen .
Sie spielt gerne Schach und nimmt oft an lokalen Turnieren teil .
Die Kinder verbrachten den Nachmittag damit, Kunst- und Bastelprojekte zu machen .
Das Konzert war ein riesiger Erfolg, und das Publikum spendete stehende Ovationen .
Sie dekorierten das Wohnzimmer mit Luftballons und Girlanden für die Party .
Die neue Bibliothek ist ein modernes Gebäude mit viel Platz zum Lesen .
Er schaut sich gerne Fußballspiele am Wochenende mit seinen Freunden an .
Der Berg war mit Schnee bedeckt, was ihn zu einem perfekten Ort zum Skifahren machte .
Sie studiert Biologie, weil sie in der medizinischen Forschung arbeiten möchte .
Der Künstler verbrachte Stunden damit, ein Porträt seiner Großmutter zu malen .
Wir beschlossen, einen Spaziergang im Park zu machen, um das sonnige Wetter zu genießen .
Er lernt, wie man in Python programmiert, um mit dem Erstellen von Websites zu beginnen .
Die Kinder waren fasziniert von den Zaubertricks des Clowns .
Wir verbrachten Stunden damit, Brettspiele zu spielen und zusammen zu lachen .
Der Hund liebt es, den Ball zu holen und ihn zu seinem Besitzer zurückzubringen .
Sie besuchte den Yogakurs, um sich zu entspannen und ihre Flexibilität zu verbessern .
Das Unternehmen setzt sich dafür ein, seinen CO2-Fußabdruck durch den Einsatz erneuerbarer Energien zu reduzieren .
Sie machten eine Bootstour, um die Inseln zu erkunden und die Landschaft zu genießen .
Die Kinder malten ein buntes Wandgemälde an die Wand ihrer Schule .
Er machte ein Foto vom Sonnenuntergang, um die schönen Farben am Himmel festzuhalten .
Die Familie verbrachte den Abend damit, einen Film zu schauen und Popcorn zu essen .
Der Koch bereitete eine köstliche dreigängige Mahlzeit für die Gäste zu .
Sie ist leidenschaftlich an Fotografie interessiert und liebt es, Momente mit ihrer Kamera festzuhalten .
Wir gingen zum Strand, um zu schwimmen und Volleyball im Sand zu spielen .
Die Kinder waren aufgeregt, die Tiere im Wildpark zu sehen .
Sie liebt es, Dokumentationen über den Weltraum und das Universum zu sehen .
Wir verbrachten den Tag im Vergnügungspark, fuhren Achterbahnen und aßen Zuckerwatte .
Die Familie beschloss, ihre Küche zu renovieren, um sie moderner zu gestalten .
Der Lehrer ermutigte die Schüler, Fragen zu stellen, wenn sie den Unterricht nicht verstanden .
Er spielt gerne Klavier und übt oft stundenlang .
Sie beschlossen, am Wochenende in den Bergen zu wandern .
Sie lernte, wie man Brot aus einem Online-Tutorial backt .
Wir verbrachten den Nachmittag im Park und genossen den Sonnenschein .
Die Kinder bauten ein Baumhaus im Garten und spielten dort jeden Tag .
Er malte eine wunderschöne Landschaft des Landes .
Das Team feierte ihren Sieg mit einem großen Abendessen in einem Restaurant .
Sie liebt historische Romane und besucht oft die Bibliothek, um neue Bücher zu finden .
Wir planen, unsere Großeltern während der Feiertage zu besuchen .
Sie luden ihre Freunde zu ihrer Einweihungsparty ein .
Die Kinder spielten stundenlang mit ihren neuen Spielzeugen .
Er geht gerne früh am Morgen am See angeln .
Wir verbrachten viel Zeit damit, das alte Schloss zu erkunden und etwas über seine Geschichte zu lernen .
Sie nimmt an einem Kochkurs teil, um ihre Kochkünste zu verbessern .
Der Wissenschaftler präsentierte seine Ergebnisse auf der internationalen Konferenz .
Sie beschlossen, im örtlichen Tierheim ehrenamtlich zu arbeiten, um sich um verlassene Haustiere zu kümmern .
Er verbringt seine Wochenenden lieber draußen, beim Wandern oder Radfahren .
Die Familie besuchte den Strand für einen entspannenden Tag mit Schwimmen und Sonnenbaden .
Sie probiert gerne neue Restaurants aus und erkundet verschiedene Küchen .
Wir gingen ins Theater, um ein Stück über die Geschichte der Stadt zu sehen .
Er liebt es, nach der Schule mit seinen Freunden Basketball zu spielen .
Sie dekorierten das Haus mit bunten Lichtern und Ornamenten für die Feiertage .
Sie verbrachte den Nachmittag damit, ein Porträt ihres Hundes zu malen .
Wir beschlossen, unseren Urlaub in einer ruhigen Hütte in den Bergen zu verbringen .
Die Kinder nahmen an einer Wissenschaftsmesse in der Schule teil und präsentierten ihre Projekte .
Er spielt gerne Videospiele mit seinem Bruder am Wochenende .
Sie besuchten letzten Samstag eine Hochzeit und hatten eine tolle Zeit .
Sie ist leidenschaftlich an Mode interessiert und liebt es, ihre eigenen Outfits zu kreieren .
Wir verbrachten den Tag in der Kunstgalerie und bewunderten die neuesten Ausstellungen .
Er spielt jeden Samstag gerne Fußball mit seinen Mitspielern .
Sie beschlossen, ein neues Auto zu kaufen, weil ihr altes kaputt ging .
Sie verbrachte den Morgen damit, das Haus zu putzen und ihre Sachen zu ordnen .
Wir planen nächsten Monat ein Überraschungsessen zum Geburtstag unseres Freundes .
Die Kinder hatten Spaß, ein Sandkastenschloss am Strand zu bauen .
Er entschloss sich, ein neues Hobby zu beginnen, und trat einem Fotografieclub bei .
Sie machten eine Reise quer durchs Land und besuchten auf dem Weg Nationalparks .
Sie nahm an einem Kochkurs teil, um zu lernen, wie man traditionelle italienische Pasta zubereitet .
Wir verbrachten den Nachmittag damit, Museen zu besuchen und etwas über Kunstgeschichte zu lernen .
Die Kinder bauten nach dem großen Schneefall einen Schneemann im Garten .
Sie besucht gerne Cafés und probiert neue Kaffeesorten aus .
Wir gingen in den Park, um ein Picknick zu machen und die frische Luft zu genießen .
Er studierte Ingenieurwissenschaften an der Universität und arbeitet jetzt für ein Technologieunternehmen .
Sie sahen eine Dokumentation über den Wildtierschutz im Fernsehen .
Sie backt gerne Kekse und teilt sie oft mit ihren Nachbarn .
Wir verbrachten den Abend in einem Jazzclub und hörten Live-Musik .
Er sammelt gerne seltene Münzen und hat eine große Sammlung zu Hause .
Sie beschlossen, eine Grillparty in ihrem Garten zu veranstalten .
Sie arbeitete bis spät in die Nacht, um ihre Präsentation für das Treffen fertigzustellen .
Wir besuchten einen Botanischen Garten, um die verschiedenen Arten von Pflanzen und Blumen zu sehen .
Der Hund spielt gerne Apportieren im Park mit seinem Besitzer .
Sie verbrachten den Nachmittag im Museum und erkundeten die Ausstellungen .
Sie geht gerne lange Spaziergänge auf dem Land, besonders im Herbst .
Wir verbrachten den Abend damit, Brettspiele zu spielen und Snacks zu genießen .
Die Familie unternahm eine Reise in die Berge, um am Wochenende Skifahren zu gehen .
Sie beschloss, einen Blog zu starten, um ihre Gedanken über Lifestyle und Wellness zu teilen .
Sie gingen zu einem Konzert, um ihre Lieblingsband live zu sehen .
Er verbrachte den Nachmittag damit, sein Auto zu reinigen und zu wachsen .
Die Kinder liebten es, im Schnee zu spielen und Schneefestungen zu bauen .
Sie gingen in die Buchhandlung, um neue Romane zu kaufen .
Sie macht gerne Yoga am Morgen, um ihren Tag mit Ruhe zu beginnen .
Wir verbrachten den Tag am See, schwammen und entspannten uns in der Sonne .
Er nahm an einem Fotografie-Kurs teil, um neue Techniken zu lernen und seine Fähigkeiten zu verbessern .
Die Familie genoss ein Picknick im Park im Schatten eines großen Baumes .
Sie kaufte ein neues Fahrrad, um an den Wochenenden durch die Nachbarschaft zu fahren .
Wir gingen zur Eisdiele und probierten einige neue Geschmacksrichtungen .
Er nahm den Bus zur Arbeit, weil sein Auto zur Reparatur in der Werkstatt war .
Sie beschlossen, gemeinsam einen Tanzkurs zu nehmen, um Salsa zu lernen .
Sie verbrachte den Nachmittag damit, Freunde zu besuchen und sich über alte Zeiten auszutauschen .
Die Kinder bauten ein Lebkuchenhaus für Weihnachten .
Wir beschlossen, einen Ausflug in den Zoo zu machen, um die neuen Tiere zu sehen .
Er fährt gerne mit seinem Fahrrad durch die Stadt und entdeckt neue Orte .
Sie verbrachten den Nachmittag damit, Kekse zu backen und sie mit Zuckerguss zu dekorieren .
Sie nimmt an einem Malkurs teil, um zu lernen, wie man abstrakte Kunst schafft .
Wir sahen eine Dokumentation über die Geschichte der antiken Zivilisationen .
Sie besuchte ein Museum, um eine Ausstellung über moderne Kunst zu sehen .
Sie beschlossen, einen Gemüsegarten in ihrem Garten anzulegen .
Er verbrachte den Tag mit Wandern im Wald und Entdecken der Natur .
Wir verbrachten das Wochenende in einer Hütte im Wald und genossen die Ruhe und Stille .
Sie geht gerne ins Theater, um Stücke von Shakespeare zu sehen .
Sie verbrachten den Nachmittag damit, Fotos vom Sonnenuntergang zu machen .
Er spielt gerne Gitarre und tritt oft in lokalen Cafés auf .
Wir besuchten ein Weingut, um etwas über die Weinproduktion zu erfahren und eine Verkostung zu machen .
Die Kinder bauten ein Baumhaus in der großen Eiche in ihrem Garten .
Sie verbrachte den Nachmittag damit, einen Kriminalroman ihres Lieblingsautors zu lesen .
Wir beschlossen, gemeinsam einen Kochkurs zu nehmen, um zu lernen, wie man Sushi macht .
Er schaut gerne Actionfilme und wählt immer die neuesten Veröffentlichungen .
Sie verbrachten den Tag am Strand, bauten Sandburgen und schwammen .
Sie nahm an einem Töpferkurs teil, um zu lernen, wie man ihre eigenen Töpferwaren herstellt .
Wir gingen in die Bibliothek, um Bücher für unser nächstes Forschungsprojekt auszuleihen .
Er geht gerne lange Spaziergänge in der Stadt und entdeckt neue Geschäfte und Cafés .
Sie beschlossen, am Wochenende in den Bergen zu campen .
Sie verbrachte den Tag damit, ihren Kleiderschrank zu organisieren und alte Kleidung zu spenden .
Wir gingen zu einem Konzert, um unsere Lieblingsband live zu sehen .
Er spielt gerne Schach mit seinen Freunden an den Wochenenden .
Sie gingen ins Museum, um etwas über die Geschichte der Stadt zu lernen .
Sie liebt es, neue Wanderwege in den Bergen zu erkunden .
Wir verbrachten den Nachmittag damit, zusammen ein großes Abendessen für die Familie zu kochen .
Er nahm an einem Fotokurs teil, um seine Fähigkeiten mit der Kamera zu verbessern .
Sie beschlossen, eine Reise quer durchs Land zu machen .
Sie genoss es, im Garten mit einer Tasse Tee zu entspannen .
Wir gingen in den Vergnügungspark und fuhren mit allen Achterbahnen .
Er arbeitete bis spät in die Nacht, um das Projekt vor der Frist fertigzustellen .
Sie nahmen an einer Hochzeit in einer wunderschönen alten Kirche am See teil .
Sie verbrachte den Morgen auf dem Bauernmarkt und kaufte frische Produkte .
Wir beschlossen, ein neues Restaurant zum Abendessen zu besuchen und das Spezialgericht des Kochs zu probieren .
Er verbrachte den Tag in der Bibliothek und recherchierte für seine Dissertation .
Sie beschlossen, im örtlichen Lebensmittelzentrum ehrenamtlich zu arbeiten, um bedürftigen Menschen zu helfen .
Sie ging jeden Morgen ins Fitnessstudio, um vor dem Beginn ihres Tages zu trainieren .
Wir verbrachten den Nachmittag im Park, spielten Frisbee und genossen das Wetter .
Er geht gerne ins Café, um die Zeitung zu lesen und sich zu entspannen .
Sie gingen in die Berge für ein Wochenende mit Skifahren und Snowboarden .
Sie nahm an einem Yogakurs teil, um ihre Flexibilität zu verbessern und Stress abzubauen .
Wir verbrachten den Abend damit, eine Comedy-Show im Theater zu sehen .
Er liebt es, in neue Länder zu reisen, um verschiedene Kulturen zu erleben .
Sie beschlossen, einen Fotospaziergang durch die Stadt zu machen, um interessante Sehenswürdigkeiten festzuhalten .
Sie spielte gerne Tennis mit ihren Freunden im örtlichen Sportclub .
Wir gingen in den Zoo, um die neue Ausstellung über bedrohte Arten zu sehen .
Er verbrachte das Wochenende damit, die Wände seines Hauses zu streichen .
Sie verbrachten den Tag mit freiwilliger Arbeit im örtlichen Tierheim .
Sie ging in einen Töpferkurs, um zu lernen, wie man ihre eigenen Töpferwaren herstellt .
Wir beschlossen, eine Radtour durch das Land zu machen, um die Landschaft zu genießen .
Er kocht gerne jeden Sonntag Abendessen für seine Familie .
Sie gingen in einen örtlichen Park, um die Open-Air-Filmvorführung zu sehen .
Sie liebt es, neue Rezepte auszuprobieren und mit Zutaten zu experimentieren .
Wir verbrachten den Morgen mit freiwilliger Arbeit bei einer Gemeinschaftsveranstaltung in unserer Nachbarschaft .
Er ging in die Buchhandlung, um einen neuen Roman seines Lieblingsautors zu kaufen .
Sie beschlossen, einen Roadtrip zu machen, um ihre Verwandten in einem anderen Bundesstaat zu besuchen .
Sie verbrachte den Nachmittag damit, Cupcakes zu backen und sie mit Zuckerguss zu dekorieren .
Wir gingen zu einem Konzert, um eine Jazzband live zu sehen .
Er verbrachte das Wochenende mit Angeln am See mit seinen Freunden .
Sie beschlossen, zu einer Comedy-Show zu gehen, um einen lustigen Abend zu verbringen .
Sie nahm an einem Malkurs teil, um zu lernen, wie man Landschaften malt .
Wir gingen zum Bauernmarkt, um frisches Gemüse für die Woche zu kaufen .
Sie beschlossen, einen Kochkurs zu nehmen, um französische Gebäckstücke zu lernen .
Er verbrachte den Tag im Park mit seinem Hund und spielte Apportieren .
Wir gingen in den Botanischen Garten, um die schönen Blumen zu bewundern .
Sie liebt es, neue Städte zu besuchen und lokale Wahrzeichen zu erkunden .
Sie gingen in ein Töpferstudio, um ihre eigenen Keramiktassen zu machen .
Er verbringt gerne Zeit in der Küche und experimentiert mit neuen Rezepten .
Wir gingen ins Kino, um den neuesten Science-Fiction-Film zu sehen .
Sie verbrachte den Nachmittag damit, ein Buch über die Kunstgeschichte zu lesen .
Sie verbrachten den Tag mit Kajakfahren auf dem Fluss und genossen die friedliche Umgebung .
Er liebt es, Vintage-Postkarten aus verschiedenen Ländern zu sammeln .
Wir beschlossen, einen Wochenendausflug zum Strand zu machen, um uns zu entspannen .
Sie hört gerne klassische Musik, während sie arbeitet .
Sie gingen ins örtliche Theater, um ein Stück über Shakespeares Leben zu sehen .
Er spielt gerne Basketball mit seinen Freunden im Gemeindezentrum .
Wir gingen zum Strand, um den Sonnenaufgang zu sehen und Fotos zu machen .
Sie verbrachte den Nachmittag damit, einen Schokoladenkuchen für den Geburtstag ihrer Freundin zu backen .
Sie gingen in ein örtliches Café zum Mittagessen und genossen einen frischen Salat .
Er liebt es, Museen zu besuchen und etwas über verschiedene Kulturen zu lernen .
Wir verbrachten den Nachmittag damit, durch den Park zu spazieren und Fotos von den Bäumen zu machen .
Sie arbeitet jedes Wochenende ehrenamtlich im Tierheim .
Sie beschlossen, Fahrräder zu mieten und die berühmten Wahrzeichen der Stadt zu erkunden .
Er verbrachte den Tag damit, an seinem Projekt für die Universität zu arbeiten .
Wir beschlossen, einen Fotokurs zu machen, um zu lernen, wie man Landschaften fotografiert .
Sie macht jeden Morgen Yoga, um ihren Tag zu beginnen .
Sie gingen zum Strand, um das warme Wetter zu genießen und im Ozean zu schwimmen .
Er ging in eine Buchhandlung, um einen Roman für seine Wochenendlektüre zu kaufen .
Wir verbrachten den Nachmittag damit, eine Dokumentation über die Raumfahrt zu schauen .
Sie tanzt gerne zu ihren Lieblingsliedern in ihrem Wohnzimmer .
Sie beschlossen, ein Picknick im Park zu machen und selbstgemachte Sandwiches zu genießen .
Er liest gerne Bücher über Philosophie und Psychologie .
Wir gingen in den Zoo, um das neue Baby-Elefant im Gehege zu sehen .
Sie geht gerne durch den Wald, um ihren Kopf frei zu bekommen und sich zu entspannen .
Sie gingen in eine örtliche Bäckerei, um frisches Brot und Gebäck zum Frühstück zu kaufen .
Er schaut gerne Dokumentationen über Natur und Wildtiere .
Wir beschlossen, eine Bootsfahrt um den See zu machen, um die Aussicht zu genießen .
Sie ging zum Markt, um frische Blumen für ihre Wohnung zu kaufen .
Sie verbrachten den Abend damit, einen Comedy-Film zu Hause zu sehen .
Er verbrachte den Tag damit, in seinem Tagebuch zu schreiben und über seine Ziele nachzudenken .
Wir beschlossen, einen Yogakurs zu nehmen, um nach einer langen Woche Stress abzubauen .
Sie wandert gerne im Frühling in den Bergen, um die Blumen blühen zu sehen .
Sie gingen in ein örtliches Museum, um die neue Kunstausstellung zu sehen .
Er kocht gerne jeden Sonntagabend für seine Familie .
Wir gingen in den Park, um einen Spaziergang zu machen und die frische Luft zu genießen .
Sie verbrachte den Nachmittag mit freiwilliger Arbeit in einem Gemeindezentrum .
Sie beschlossen, einen Ausflug auf das Land zu machen, um der Stadt zu entkommen .
Er malt gerne in seiner Freizeit und schafft abstrakte Kunst .
Wir gingen in ein örtliches Restaurant, um das Spezialgericht des Kochs zu probieren .
Sie läuft gerne morgens, um fit zu bleiben .
Sie verbrachten den Tag damit, entlang des Strandes zu gehen und Muscheln zu sammeln .
Er hört gerne Podcasts über Technologie und Innovation .
Wir beschlossen, für ein Wochenende wandern in die Berge zu fahren .
Sie liebt es, Kunstgalerien zu besuchen, um zeitgenössische Kunst zu bewundern .
Sie beschlossen, zusammen einen Kochkurs zu nehmen, um neue Fähigkeiten zu lernen .
Er schaut gerne Filme mit einer guten Handlung .
Wir gingen in die Bibliothek, um einige Bücher für unsere bevorstehende Reise auszuleihen .
