太阳落在山后，天空被涂上橙色和粉红色的色调。
她打开书本，沉浸在一个充满幻想和冒险的世界中。
城市的灯光在远处闪烁，像星星散布在地平线上。
科技改变了我们生活、工作和彼此交流的方式。
太阳从东方升起。
她喜欢在空闲时间读书。
咖啡太烫了，无法饮用。
我明天会在公园见你。
他正在学习弹钢琴。
猫跳到了桌子上。
他们去山里徒步旅行了。
她有一个美丽的歌喉。
他忘了带伞。
我需要买晚餐的食材。
电影在晚上七点开始。
他开会迟到了。
她喜欢在海里游泳。
鸟儿在树上啁啾。
天气非常适合野餐。
我喜欢在雨中散步。
他正在做一个新项目。
她为派对烤了一个蛋糕。
孩子们在院子里玩耍。
他说三种语言很流利。
我回到家后会给你打电话。
她正在等公交车。
这本书非常有趣。
花园里的花开得很茂盛。
他喜欢去新的地方旅行。
她画了一幅美丽的风景画。
狗睡在桌子下面。
他上周买了一辆新车。
我这个周末需要打扫房间。
飞机将在一个小时后降落。
她对旅行很兴奋。
他很早就做完了作业。
我忘了给手机充电。
会议非常有成效。
她每周六打网球。
火车正在进站。
他喜欢为家人做饭。
昨天我看到了美丽的日落。
她在舞台上跳得很优雅。
湖水清澈见底。
他正在为度假存钱。
我喜欢工作时听音乐。
她正在为考试学习。
婴儿睡得很安稳。
他在活动中发表了精彩的演讲。
我需要修理我的自行车。
今晚星星闪闪发光。
她喜欢在夜晚看星星。
他非常擅长下棋。
下班后我要去健身房。
她在街上找到了一只走失的狗。
蛋糕味道很美味。
他喜欢读历史小说。
这周正在粉刷房子。
她在为比赛做练习。
这座城市满是高楼。
他忘记了钱包在家里。
我需要发送一封重要的电子邮件。
这家餐厅的食物非常棒。
她正在学弹吉他。
今天天空布满了云。
他正在帮朋友搬家。
今天下午我要打个盹。
她每天都在日记里写作。
这家咖啡馆今天早上很忙。
他有一个稀有硬币的收藏。
我需要更换电池。
她喜欢在后院里种花。
会议非常有收获。
他正在找一份新工作。
我在雨后看到了彩虹。
她正在设计自己的衣服。
这辆车需要清洗。
他正在为马拉松做训练。
我喜欢新鲜花朵的气味。
今晚她要举办一个晚宴。
火车晚上六点出发。
他正在为她的生日策划惊喜。
我这个周末需要剪头发。
河流穿过山谷。
她喜欢看纪录片。
学生们正在努力复习考试。
他正在为一次重要的演讲做准备。
今天早上我吃了丰盛的早餐。
她喜欢读侦探小说。
山顶的景色令人惊叹。
他正在修理破损的围栏。
昨天我买了一台新笔记本电脑。
她喜欢画风景画。
狗在对邮递员叫。
他在和朋友们一起玩电子游戏。
我需要支付电费。
她在学习如何开车。
这家面包店的点心是全城最好的。
他正在整理他的工作区。
我在网上找到了一个很棒的优惠。
她正在学习一种新语言。
博物馆有一个新展览。
他今晚工作到很晚。
我稍后会浇花。

